[2017-06-08 14:04:54,661][   ][ INFO][main][NHDPJavaProject] - Initializing LinkedBlockingQueue buffer
[2017-06-08 14:04:54,661][   ][ INFO][main][NHDPJavaProject] - Initializing LinkedBlockingQueue buffer
[2017-06-08 14:04:54,661][   ][ INFO][main][NHDPJavaProject] - CSV file to Buffer reading started
[2017-06-08 14:04:54,661][   ][ INFO][main][NHDPJavaProject] - CSV file to Buffer reading started
[2017-06-08 14:04:54,676][   ][ INFO][main][NHDPJavaProject] - Registring JDBC Driver
[2017-06-08 14:04:54,676][   ][ INFO][main][NHDPJavaProject] - Registring JDBC Driver
[2017-06-08 14:04:54,676][   ][ INFO][main][NHDPJavaProject] - Getting Database connection via DriverManager
[2017-06-08 14:04:54,676][   ][ INFO][main][NHDPJavaProject] - Getting Database connection via DriverManager
[2017-06-08 14:04:54,739][   ][ INFO][main][NHDPJavaProject] - Getting Database MetaData
[2017-06-08 14:04:54,739][   ][ INFO][main][NHDPJavaProject] - Getting Database MetaData
[2017-06-08 14:04:54,739][   ][ INFO][main][NHDPJavaProject] - Check if TRANS_REQUESTS table exists in database
[2017-06-08 14:04:54,739][   ][ INFO][main][NHDPJavaProject] - Check if TRANS_REQUESTS table exists in database
[2017-06-08 14:04:54,739][   ][ INFO][main][NHDPJavaProject] - Table doesn't exist in database
[2017-06-08 14:04:54,739][   ][ INFO][main][NHDPJavaProject] - Table doesn't exist in database
[2017-06-08 14:04:54,739][SQL][ INFO][main][NHDPJavaProject] - CREATE TABLE TRANS_REQUESTS (trace_audit_no INT PRIMARY KEY     NOT NULL, card_prg_id		VARCHAR(50)    NOT NULL,  trans_date date	DATE     NOT NULL,  service_id        VARCHAR(50) NOT NULL)
[2017-06-08 14:04:54,739][SQL][ INFO][main][NHDPJavaProject] - CREATE TABLE TRANS_REQUESTS (trace_audit_no INT PRIMARY KEY     NOT NULL, card_prg_id		VARCHAR(50)    NOT NULL,  trans_date date	DATE     NOT NULL,  service_id        VARCHAR(50) NOT NULL)
[2017-06-08 14:04:54,833][   ][ INFO][main][NHDPJavaProject] - setting setAutoCommit to false
[2017-06-08 14:04:54,833][   ][ INFO][main][NHDPJavaProject] - setting setAutoCommit to false
[2017-06-08 14:04:54,833][   ][ INFO][main][NHDPJavaProject] - Batch processing starting
[2017-06-08 14:04:54,833][   ][ INFO][main][NHDPJavaProject] - Batch processing starting
[2017-06-08 14:04:54,833][   ][ INFO][main][NHDPJavaProject] - executing batch 1
[2017-06-08 14:04:54,833][   ][ INFO][main][NHDPJavaProject] - executing batch 1
[2017-06-08 14:04:54,833][   ][ INFO][main][NHDPJavaProject] - 1 batches executed successfully
[2017-06-08 14:04:54,833][   ][ INFO][main][NHDPJavaProject] - 1 batches executed successfully
[2017-06-08 14:04:54,833][   ][ INFO][main][NHDPJavaProject] - executing batch 2
[2017-06-08 14:04:54,833][   ][ INFO][main][NHDPJavaProject] - executing batch 2
[2017-06-08 14:04:54,833][   ][ INFO][main][NHDPJavaProject] - 2 batches executed successfully
[2017-06-08 14:04:54,833][   ][ INFO][main][NHDPJavaProject] - 2 batches executed successfully
[2017-06-08 14:04:54,848][   ][ INFO][main][NHDPJavaProject] - executing batch 3
[2017-06-08 14:04:54,848][   ][ INFO][main][NHDPJavaProject] - executing batch 3
[2017-06-08 14:04:54,848][   ][ INFO][main][NHDPJavaProject] - 3 batches executed successfully
[2017-06-08 14:04:54,848][   ][ INFO][main][NHDPJavaProject] - 3 batches executed successfully
[2017-06-08 14:04:54,848][   ][ INFO][main][NHDPJavaProject] - executing batch 4
[2017-06-08 14:04:54,848][   ][ INFO][main][NHDPJavaProject] - executing batch 4
[2017-06-08 14:04:54,848][   ][ INFO][main][NHDPJavaProject] - 4 batches executed successfully
[2017-06-08 14:04:54,848][   ][ INFO][main][NHDPJavaProject] - 4 batches executed successfully
[2017-06-08 14:04:54,848][   ][ INFO][main][NHDPJavaProject] - executing batch 5
[2017-06-08 14:04:54,848][   ][ INFO][main][NHDPJavaProject] - executing batch 5
[2017-06-08 14:04:54,848][   ][ INFO][main][NHDPJavaProject] - 5 batches executed successfully
[2017-06-08 14:04:54,848][   ][ INFO][main][NHDPJavaProject] - 5 batches executed successfully
[2017-06-08 14:04:54,848][   ][ INFO][main][NHDPJavaProject] - executing batch 6
[2017-06-08 14:04:54,848][   ][ INFO][main][NHDPJavaProject] - executing batch 6
[2017-06-08 14:04:54,848][   ][ INFO][main][NHDPJavaProject] - 6 batches executed successfully
[2017-06-08 14:04:54,848][   ][ INFO][main][NHDPJavaProject] - 6 batches executed successfully
[2017-06-08 14:04:54,848][   ][ INFO][main][NHDPJavaProject] - executing batch 7
[2017-06-08 14:04:54,848][   ][ INFO][main][NHDPJavaProject] - executing batch 7
[2017-06-08 14:04:54,848][   ][ INFO][main][NHDPJavaProject] - 7 batches executed successfully
[2017-06-08 14:04:54,848][   ][ INFO][main][NHDPJavaProject] - 7 batches executed successfully
[2017-06-08 14:04:54,848][   ][ INFO][main][NHDPJavaProject] - executing batch 8
[2017-06-08 14:04:54,848][   ][ INFO][main][NHDPJavaProject] - executing batch 8
[2017-06-08 14:04:54,848][   ][ INFO][main][NHDPJavaProject] - 8 batches executed successfully
[2017-06-08 14:04:54,848][   ][ INFO][main][NHDPJavaProject] - 8 batches executed successfully
[2017-06-08 14:04:54,848][   ][ INFO][main][NHDPJavaProject] - executing batch 9
[2017-06-08 14:04:54,848][   ][ INFO][main][NHDPJavaProject] - executing batch 9
[2017-06-08 14:04:54,848][   ][ INFO][main][NHDPJavaProject] - 9 batches executed successfully
[2017-06-08 14:04:54,848][   ][ INFO][main][NHDPJavaProject] - 9 batches executed successfully
[2017-06-08 14:04:54,848][   ][ INFO][main][NHDPJavaProject] - Executing last batch
[2017-06-08 14:04:54,848][   ][ INFO][main][NHDPJavaProject] - Executing last batch
[2017-06-08 14:04:54,848][   ][ INFO][main][NHDPJavaProject] - Setting autoCommit to true
[2017-06-08 14:04:54,848][   ][ INFO][main][NHDPJavaProject] - Setting autoCommit to true
[2017-06-08 14:04:54,942][   ][ INFO][main][NHDPJavaProject] - Closing prepared statment
[2017-06-08 14:04:54,942][   ][ INFO][main][NHDPJavaProject] - Closing prepared statment
[2017-06-08 14:04:54,942][   ][ INFO][main][NHDPJavaProject] - Prepared statement closed
[2017-06-08 14:04:54,942][   ][ INFO][main][NHDPJavaProject] - Prepared statement closed
[2017-06-08 14:04:54,942][   ][ INFO][main][NHDPJavaProject] - Closing database connection
[2017-06-08 14:04:54,942][   ][ INFO][main][NHDPJavaProject] - Closing database connection
[2017-06-08 14:04:54,942][   ][ INFO][main][NHDPJavaProject] - Database connection closed
[2017-06-08 14:04:54,942][   ][ INFO][main][NHDPJavaProject] - Database connection closed
[2017-06-08 14:32:53,663][   ][ INFO][main][NHDPJavaProject] - Initializing LinkedBlockingQueue buffer
[2017-06-08 14:32:53,663][   ][ INFO][main][NHDPJavaProject] - Initializing LinkedBlockingQueue buffer
[2017-06-08 14:32:53,663][   ][ INFO][main][NHDPJavaProject] - CSV file to Buffer reading started
[2017-06-08 14:32:53,663][   ][ INFO][main][NHDPJavaProject] - CSV file to Buffer reading started
[2017-06-08 14:32:53,679][   ][ INFO][main][NHDPJavaProject] - Getting Database connection via DriverManager
[2017-06-08 14:32:53,679][   ][ INFO][main][NHDPJavaProject] - Getting Database connection via DriverManager
[2017-06-08 14:34:17,069][   ][ INFO][main][NHDPJavaProject] - Initializing LinkedBlockingQueue buffer
[2017-06-08 14:34:17,069][   ][ INFO][main][NHDPJavaProject] - Initializing LinkedBlockingQueue buffer
[2017-06-08 14:34:17,069][   ][ INFO][main][NHDPJavaProject] - CSV file to Buffer reading started
[2017-06-08 14:34:17,069][   ][ INFO][main][NHDPJavaProject] - CSV file to Buffer reading started
[2017-06-08 14:34:17,085][   ][ INFO][main][NHDPJavaProject] - Getting Database connection via DriverManager
[2017-06-08 14:34:17,085][   ][ INFO][main][NHDPJavaProject] - Getting Database connection via DriverManager
[2017-06-08 14:35:06,065][   ][ INFO][main][NHDPJavaProject] - Initializing LinkedBlockingQueue buffer
[2017-06-08 14:35:06,065][   ][ INFO][main][NHDPJavaProject] - Initializing LinkedBlockingQueue buffer
[2017-06-08 14:35:06,065][   ][ INFO][main][NHDPJavaProject] - CSV file to Buffer reading started
[2017-06-08 14:35:06,065][   ][ INFO][main][NHDPJavaProject] - CSV file to Buffer reading started
[2017-06-08 14:35:06,080][   ][ INFO][main][NHDPJavaProject] - Getting Database connection via DriverManager
[2017-06-08 14:35:06,080][   ][ INFO][main][NHDPJavaProject] - Getting Database connection via DriverManager
[2017-06-08 14:35:35,493][   ][ INFO][main][NHDPJavaProject] - Initializing LinkedBlockingQueue buffer
[2017-06-08 14:35:35,493][   ][ INFO][main][NHDPJavaProject] - Initializing LinkedBlockingQueue buffer
[2017-06-08 14:35:35,508][   ][ INFO][main][NHDPJavaProject] - CSV file to Buffer reading started
[2017-06-08 14:35:35,508][   ][ INFO][main][NHDPJavaProject] - CSV file to Buffer reading started
[2017-06-08 14:35:35,524][   ][ INFO][main][NHDPJavaProject] - Getting Database connection via DriverManager
[2017-06-08 14:35:35,524][   ][ INFO][main][NHDPJavaProject] - Getting Database connection via DriverManager
[2017-06-08 14:35:35,633][   ][ INFO][main][NHDPJavaProject] - Getting Database MetaData
[2017-06-08 14:35:35,633][   ][ INFO][main][NHDPJavaProject] - Getting Database MetaData
[2017-06-08 14:35:35,633][   ][ INFO][main][NHDPJavaProject] - Check if TRANS_REQUESTS table exists in database
[2017-06-08 14:35:35,633][   ][ INFO][main][NHDPJavaProject] - Check if TRANS_REQUESTS table exists in database
[2017-06-08 14:35:35,633][   ][ INFO][main][NHDPJavaProject] - setting setAutoCommit to false
[2017-06-08 14:35:35,633][   ][ INFO][main][NHDPJavaProject] - setting setAutoCommit to false
[2017-06-08 14:35:35,633][   ][ INFO][main][NHDPJavaProject] - Batch processing starting
[2017-06-08 14:35:35,633][   ][ INFO][main][NHDPJavaProject] - Batch processing starting
[2017-06-08 14:35:35,633][   ][ INFO][main][NHDPJavaProject] - executing batch 1
[2017-06-08 14:35:35,633][   ][ INFO][main][NHDPJavaProject] - executing batch 1
[2017-06-08 14:35:35,633][   ][ERROR][main][NHDPJavaProject] - java.sql.SQLException: column trace_audit_no is not unique
java.sql.SQLException: column trace_audit_no is not unique
	at org.sqlite.DB.throwex(DB.java:370)
	at org.sqlite.DB.executeBatch(DB.java:302)
	at org.sqlite.PrepStmt.executeBatch(PrepStmt.java:93)
	at project.nhdp.NHDPJavaProject.main(NHDPJavaProject.java:125)
[2017-06-08 14:35:35,633][   ][ERROR][main][NHDPJavaProject] - java.sql.SQLException: column trace_audit_no is not unique
java.sql.SQLException: column trace_audit_no is not unique
	at org.sqlite.DB.throwex(DB.java:370)
	at org.sqlite.DB.executeBatch(DB.java:302)
	at org.sqlite.PrepStmt.executeBatch(PrepStmt.java:93)
	at project.nhdp.NHDPJavaProject.main(NHDPJavaProject.java:125)
[2017-06-08 14:35:35,633][   ][ INFO][main][NHDPJavaProject] - Closing prepared statment
[2017-06-08 14:35:35,633][   ][ INFO][main][NHDPJavaProject] - Closing prepared statment
[2017-06-08 14:35:35,633][   ][ INFO][main][NHDPJavaProject] - Prepared statement closed
[2017-06-08 14:35:35,633][   ][ INFO][main][NHDPJavaProject] - Prepared statement closed
[2017-06-08 14:35:35,633][   ][ INFO][main][NHDPJavaProject] - Closing database connection
[2017-06-08 14:35:35,633][   ][ INFO][main][NHDPJavaProject] - Closing database connection
[2017-06-08 14:35:35,633][   ][ INFO][main][NHDPJavaProject] - Database connection closed
[2017-06-08 14:35:35,633][   ][ INFO][main][NHDPJavaProject] - Database connection closed
[2017-06-08 15:03:49,478][   ][ INFO][main][NHDPJavaProject] - Initializing LinkedBlockingQueue buffer
[2017-06-08 15:03:49,478][   ][ INFO][main][NHDPJavaProject] - Initializing LinkedBlockingQueue buffer
[2017-06-08 15:03:49,478][   ][ INFO][main][NHDPJavaProject] - CSV file to Buffer reading started
[2017-06-08 15:03:49,478][   ][ INFO][main][NHDPJavaProject] - CSV file to Buffer reading started
[2017-06-08 15:03:49,494][   ][ INFO][main][NHDPJavaProject] - Getting Database connection via DriverManager
[2017-06-08 15:03:49,494][   ][ INFO][main][NHDPJavaProject] - Getting Database connection via DriverManager
[2017-06-08 15:03:49,603][   ][ INFO][main][NHDPJavaProject] - Getting Database MetaData
[2017-06-08 15:03:49,603][   ][ INFO][main][NHDPJavaProject] - Getting Database MetaData
[2017-06-08 15:03:49,603][   ][ INFO][main][NHDPJavaProject] - Check if TRANS_REQUESTS table exists in database
[2017-06-08 15:03:49,603][   ][ INFO][main][NHDPJavaProject] - Check if TRANS_REQUESTS table exists in database
[2017-06-08 15:03:49,603][   ][ INFO][main][NHDPJavaProject] - setting setAutoCommit to false
[2017-06-08 15:03:49,603][   ][ INFO][main][NHDPJavaProject] - setting setAutoCommit to false
[2017-06-08 15:03:49,603][   ][ INFO][main][NHDPJavaProject] - Batch processing starting
[2017-06-08 15:03:49,603][   ][ INFO][main][NHDPJavaProject] - Batch processing starting
[2017-06-08 15:03:49,619][   ][ INFO][main][NHDPJavaProject] - executing batch 1
[2017-06-08 15:03:49,619][   ][ INFO][main][NHDPJavaProject] - executing batch 1
[2017-06-08 15:03:49,619][   ][ERROR][main][NHDPJavaProject] - java.sql.SQLException: column trace_audit_no is not unique
java.sql.SQLException: column trace_audit_no is not unique
	at org.sqlite.DB.throwex(DB.java:370)
	at org.sqlite.DB.executeBatch(DB.java:302)
	at org.sqlite.PrepStmt.executeBatch(PrepStmt.java:93)
	at project.nhdp.NHDPJavaProject.main(NHDPJavaProject.java:123)
[2017-06-08 15:03:49,619][   ][ERROR][main][NHDPJavaProject] - java.sql.SQLException: column trace_audit_no is not unique
java.sql.SQLException: column trace_audit_no is not unique
	at org.sqlite.DB.throwex(DB.java:370)
	at org.sqlite.DB.executeBatch(DB.java:302)
	at org.sqlite.PrepStmt.executeBatch(PrepStmt.java:93)
	at project.nhdp.NHDPJavaProject.main(NHDPJavaProject.java:123)
[2017-06-08 15:03:49,619][   ][ INFO][main][NHDPJavaProject] - Closing prepared statment
[2017-06-08 15:03:49,619][   ][ INFO][main][NHDPJavaProject] - Closing prepared statment
[2017-06-08 15:03:49,619][   ][ INFO][main][NHDPJavaProject] - Prepared statement closed
[2017-06-08 15:03:49,619][   ][ INFO][main][NHDPJavaProject] - Prepared statement closed
[2017-06-08 15:03:49,619][   ][ INFO][main][NHDPJavaProject] - Closing database connection
[2017-06-08 15:03:49,619][   ][ INFO][main][NHDPJavaProject] - Closing database connection
[2017-06-08 15:03:49,619][   ][ INFO][main][NHDPJavaProject] - Database connection closed
[2017-06-08 15:03:49,619][   ][ INFO][main][NHDPJavaProject] - Database connection closed
